<?xml version="1.0" encoding="UTF-8"?>
<robot generator="Robot 7.3 (Python 3.13.4 on win32)" generated="2025-06-16T15:32:51.739905" rpa="false" schemaversion="5">
<suite id="s1" name="Exercicio Keywords Argumentos" source="C:\Users\renan\Documents\Curso_Robot\VariaveisEscoposArgumentos\Exercicio_Keywords_Argumentos.robot">
<test id="s1-t1" name="Caso de teste 01" line="12">
<kw name="Keyword 01">
<kw name="Generate Random String" owner="String">
<msg time="2025-06-16T15:32:51.765618" level="INFO">${COMPLEMENTO_RANDOMICO} = maxhI</msg>
<var>${COMPLEMENTO_RANDOMICO}</var>
<arg>5</arg>
<arg>[LETTERS]</arg>
<doc>Generates a string with a desired ``length`` from the given ``chars``.</doc>
<status status="PASS" start="2025-06-16T15:32:51.765419" elapsed="0.000227"/>
</kw>
<kw name="Set Variable" owner="BuiltIn">
<msg time="2025-06-16T15:32:51.765904" level="INFO">${MENSAGEM} = O email gerado randomicamente é: Renan Lopes maxhI@testerobot.com</msg>
<var>${MENSAGEM}</var>
<arg>O email gerado randomicamente é: ${NOME_USUARIO} ${SOBRENOME_USUARIO} ${COMPLEMENTO_RANDOMICO}${COMPLEMENTO_EMAIL}</arg>
<doc>Returns the given values which can then be assigned to a variables.</doc>
<status status="PASS" start="2025-06-16T15:32:51.765734" elapsed="0.000190"/>
</kw>
<kw name="Log To Console" owner="BuiltIn">
<arg>message=${MENSAGEM}</arg>
<doc>Logs the given message to the console.</doc>
<status status="PASS" start="2025-06-16T15:32:51.765988" elapsed="0.000280"/>
</kw>
<return>
<value>${MENSAGEM}</value>
<status status="PASS" start="2025-06-16T15:32:51.766315" elapsed="0.000046"/>
</return>
<msg time="2025-06-16T15:32:51.766477" level="INFO">${MENSAGEM_FINAL} = O email gerado randomicamente é: Renan Lopes maxhI@testerobot.com</msg>
<var>${MENSAGEM_FINAL}</var>
<arg>${PESSOA.nome}</arg>
<arg>${PESSOA.sobreNome}</arg>
<arg>${PESSOA.emailComplemento}</arg>
<status status="PASS" start="2025-06-16T15:32:51.764468" elapsed="0.002028"/>
</kw>
<status status="PASS" start="2025-06-16T15:32:51.763743" elapsed="0.002950"/>
</test>
<doc>Prática de Keywords com argumentos</doc>
<status status="PASS" start="2025-06-16T15:32:51.741211" elapsed="0.025931"/>
</suite>
<statistics>
<total>
<stat pass="1" fail="0" skip="0">All Tests</stat>
</total>
<tag>
</tag>
<suite>
<stat name="Exercicio Keywords Argumentos" id="s1" pass="1" fail="0" skip="0">Exercicio Keywords Argumentos</stat>
</suite>
</statistics>
<errors>
</errors>
</robot>
